<?xml version="1.0" encoding="UTF-8"?>
<!-- Generated by org.testng.reporters.JUnitXMLReporter -->
<testsuite hostname="MWKST738" ignored="1" name="Test" tests="1" failures="0" timestamp="04 juil. 2017 17:58:51 GMT" time="221.164" errors="0">
  <testcase name="desActivate" time="221.151" classname="testNG.DesActivateMaintenancePage"/>
  <testcase name="polymont_sp2_2016" time="0.0" classname="testNG.DesActivateMaintenancePage">
    <ignored/>
  </testcase> <!-- polymont_sp2_2016 -->
</testsuite> <!-- Test -->
